Loading Zephyr default modules (Zephyr base).
-- Application: C:/Users/joedo/zephyrproject/zephyr/samples/subsys/rtio/sensor_batch_processing
-- CMake version: 3.27.6
-- Found Python3: C:/Users/joedo/zephyrproject/.venv/Scripts/python.exe (found suitable version "3.11.5", minimum required is "3.8") found components: Interpreter 
-- Cache files will be written to: C:/Users/joedo/zephyrproject/zephyr/.cache
-- Zephyr version: 3.5.99 (C:/Users/joedo/zephyrproject/zephyr)
-- Found west (found suitable version "1.1.0", minimum required is "0.14.0")
-- Board: processor
-- ZEPHYR_TOOLCHAIN_VARIANT not set, trying to locate Zephyr SDK
-- Found host-tools: zephyr 0.16.3 (C:/Users/joedo/zephyr-sdk-0.16.3)
-- Found toolchain: zephyr 0.16.3 (C:/Users/joedo/zephyr-sdk-0.16.3)
-- Found Dtc: C:/ProgramData/chocolatey/bin/dtc.exe (found suitable version "1.5.0", minimum required is "1.4.6") 
-- Found BOARD.dts: C:/Users/joedo/zephyrproject/cansw_processor/boards/arm/processor/processor.dts
-- Found devicetree overlay: C:/Users/joedo/zephyrproject/zephyr/samples/subsys/rtio/sensor_batch_processing/app.overlay
-- Generated zephyr.dts: C:/Users/joedo/zephyrproject/cansw_processor/twister-out/processor/samples/subsys/rtio/sensor_batch_processing/sample.rtio.sensor_batch_processing/zephyr/zephyr.dts
-- Generated devicetree_generated.h: C:/Users/joedo/zephyrproject/cansw_processor/twister-out/processor/samples/subsys/rtio/sensor_batch_processing/sample.rtio.sensor_batch_processing/zephyr/include/generated/devicetree_generated.h
-- Including generated dts.cmake file: C:/Users/joedo/zephyrproject/cansw_processor/twister-out/processor/samples/subsys/rtio/sensor_batch_processing/sample.rtio.sensor_batch_processing/zephyr/dts.cmake
C:/Users/joedo/zephyrproject/cansw_processor/twister-out/processor/samples/subsys/rtio/sensor_batch_processing/sample.rtio.sensor_batch_processing/zephyr/zephyr.dts:900.11-902.5: Warning (simple_bus_reg): /soc/pinctrl: missing or empty reg/ranges property
Parsing C:/Users/joedo/zephyrproject/zephyr/Kconfig
Loaded configuration 'C:/Users/joedo/zephyrproject/cansw_processor/boards/arm/processor/processor_defconfig'
Merged configuration 'C:/Users/joedo/zephyrproject/zephyr/samples/subsys/rtio/sensor_batch_processing/prj.conf'
Merged configuration 'C:/Users/joedo/zephyrproject/cansw_processor/twister-out/processor/samples/subsys/rtio/sensor_batch_processing/sample.rtio.sensor_batch_processing/zephyr/misc/generated/extra_kconfig_options.conf'
Configuration saved to 'C:/Users/joedo/zephyrproject/cansw_processor/twister-out/processor/samples/subsys/rtio/sensor_batch_processing/sample.rtio.sensor_batch_processing/zephyr/.config'
Kconfig header saved to 'C:/Users/joedo/zephyrproject/cansw_processor/twister-out/processor/samples/subsys/rtio/sensor_batch_processing/sample.rtio.sensor_batch_processing/zephyr/include/generated/autoconf.h'
-- Found GnuLd: c:/users/joedo/zephyr-sdk-0.16.3/arm-zephyr-eabi/bin/../lib/gcc/arm-zephyr-eabi/12.2.0/../../../../arm-zephyr-eabi/bin/ld.bfd.exe (found version "2.38") 
-- The C compiler identification is GNU 12.2.0
-- The CXX compiler identification is GNU 12.2.0
-- The ASM compiler identification is GNU
-- Found assembler: C:/Users/joedo/zephyr-sdk-0.16.3/arm-zephyr-eabi/bin/arm-zephyr-eabi-gcc.exe
-- Configuring done (42.8s)
CMake Warning in C:/Users/joedo/zephyrproject/zephyr/drivers/interrupt_controller/CMakeLists.txt:
  The object file directory

    C:/Users/joedo/zephyrproject/cansw_processor/twister-out/processor/samples/subsys/rtio/sensor_batch_processing/sample.rtio.sensor_batch_processing/zephyr/drivers/interrupt_controller/CMakeFiles/drivers__interrupt_controller.dir/./

  has 230 characters.  The maximum full path to an object file is 250
  characters (see CMAKE_OBJECT_PATH_MAX).  Object file

    intc_exti_stm32.c.obj

  cannot be safely placed under this directory.  The build may not work
  correctly.


CMake Warning in C:/Users/joedo/zephyrproject/modules/hal/stm32/stm32cube/CMakeLists.txt:
  The object file directory

    C:/Users/joedo/zephyrproject/cansw_processor/twister-out/processor/samples/subsys/rtio/sensor_batch_processing/sample.rtio.sensor_batch_processing/modules/stm32/stm32cube/CMakeFiles/..__modules__hal__stm32__stm32cube.dir/./

  has 223 characters.  The maximum full path to an object file is 250
  characters (see CMAKE_OBJECT_PATH_MAX).  Object file

    stm32h7xx/drivers/src/stm32h7xx_ll_utils.c.obj

  cannot be safely placed under this directory.  The build may not work
  correctly.


-- Generating done (3.1s)
CMake Warning:
  Manually-specified variables were not used by the project:

    TC_RUNID


-- Build files have been written to: C:/Users/joedo/zephyrproject/cansw_processor/twister-out/processor/samples/subsys/rtio/sensor_batch_processing/sample.rtio.sensor_batch_processing
