Loading Zephyr module(s) (Zephyr base): extensions
-- Found Python3: C:/Users/joedo/zephyrproject/.venv/Scripts/python.exe (found suitable version "3.11.5", minimum required is "3.8") found components: Interpreter 
-- Cache files will be written to: C:/Users/joedo/zephyrproject/zephyr/.cache
Loading Zephyr module(s) (Zephyr base (cached)): zephyr_default:kconfig
-- Application: C:/Users/joedo/zephyrproject/zephyr/samples/subsys/shell/devmem_load
-- CMake version: 3.27.6
-- Zephyr version: 3.5.99 (C:/Users/joedo/zephyrproject/zephyr)
-- Found west (found suitable version "1.1.0", minimum required is "0.14.0")
-- Board: processor
-- ZEPHYR_TOOLCHAIN_VARIANT not set, trying to locate Zephyr SDK
-- Found host-tools: zephyr 0.16.3 (C:/Users/joedo/zephyr-sdk-0.16.3)
-- Found toolchain: zephyr 0.16.3 (C:/Users/joedo/zephyr-sdk-0.16.3)
-- Found Dtc: C:/ProgramData/chocolatey/bin/dtc.exe (found suitable version "1.5.0", minimum required is "1.4.6") 
-- Found BOARD.dts: C:/Users/joedo/zephyrproject/cansw_processor/boards/arm/processor/processor.dts
-- Generated zephyr.dts: C:/Users/joedo/zephyrproject/cansw_processor/twister-out/processor/samples/subsys/shell/devmem_load/sample.devmem_load.uart.interrupt/zephyr/zephyr.dts
-- Generated devicetree_generated.h: C:/Users/joedo/zephyrproject/cansw_processor/twister-out/processor/samples/subsys/shell/devmem_load/sample.devmem_load.uart.interrupt/zephyr/include/generated/devicetree_generated.h
-- Including generated dts.cmake file: C:/Users/joedo/zephyrproject/cansw_processor/twister-out/processor/samples/subsys/shell/devmem_load/sample.devmem_load.uart.interrupt/zephyr/dts.cmake
C:/Users/joedo/zephyrproject/cansw_processor/twister-out/processor/samples/subsys/shell/devmem_load/sample.devmem_load.uart.interrupt/zephyr/zephyr.dts:900.11-902.5: Warning (simple_bus_reg): /soc/pinctrl: missing or empty reg/ranges property
Parsing C:/Users/joedo/zephyrproject/zephyr/Kconfig
Loaded configuration 'C:/Users/joedo/zephyrproject/cansw_processor/boards/arm/processor/processor_defconfig'
Merged configuration 'C:/Users/joedo/zephyrproject/zephyr/samples/subsys/shell/devmem_load/prj.conf'
Merged configuration 'C:/Users/joedo/zephyrproject/cansw_processor/twister-out/processor/samples/subsys/shell/devmem_load/sample.devmem_load.uart.interrupt/zephyr/misc/generated/extra_kconfig_options.conf'
Configuration saved to 'C:/Users/joedo/zephyrproject/cansw_processor/twister-out/processor/samples/subsys/shell/devmem_load/sample.devmem_load.uart.interrupt/zephyr/.config'
Kconfig header saved to 'C:/Users/joedo/zephyrproject/cansw_processor/twister-out/processor/samples/subsys/shell/devmem_load/sample.devmem_load.uart.interrupt/zephyr/include/generated/autoconf.h'
