Loading Zephyr default modules (Zephyr base).
-- Application: C:/Users/joedo/zephyrproject/zephyr/samples/subsys/shell/devmem_load
-- CMake version: 3.27.6
-- Found Python3: C:/Users/joedo/zephyrproject/.venv/Scripts/python.exe (found suitable version "3.11.5", minimum required is "3.8") found components: Interpreter 
-- Cache files will be written to: C:/Users/joedo/zephyrproject/zephyr/.cache
-- Zephyr version: 3.5.99 (C:/Users/joedo/zephyrproject/zephyr)
-- Found west (found suitable version "1.1.0", minimum required is "0.14.0")
-- Board: processor
-- ZEPHYR_TOOLCHAIN_VARIANT not set, trying to locate Zephyr SDK
-- Found host-tools: zephyr 0.16.3 (C:/Users/joedo/zephyr-sdk-0.16.3)
-- Found toolchain: zephyr 0.16.3 (C:/Users/joedo/zephyr-sdk-0.16.3)
-- Found Dtc: C:/ProgramData/chocolatey/bin/dtc.exe (found suitable version "1.5.0", minimum required is "1.4.6") 
-- Found BOARD.dts: C:/Users/joedo/zephyrproject/cansw_processor/boards/arm/processor/processor.dts
-- Generated zephyr.dts: C:/Users/joedo/zephyrproject/cansw_processor/twister-out/processor/samples/subsys/shell/devmem_load/sample.devmem_load.polled/zephyr/zephyr.dts
-- Generated devicetree_generated.h: C:/Users/joedo/zephyrproject/cansw_processor/twister-out/processor/samples/subsys/shell/devmem_load/sample.devmem_load.polled/zephyr/include/generated/devicetree_generated.h
-- Including generated dts.cmake file: C:/Users/joedo/zephyrproject/cansw_processor/twister-out/processor/samples/subsys/shell/devmem_load/sample.devmem_load.polled/zephyr/dts.cmake
C:/Users/joedo/zephyrproject/cansw_processor/twister-out/processor/samples/subsys/shell/devmem_load/sample.devmem_load.polled/zephyr/zephyr.dts:900.11-902.5: Warning (simple_bus_reg): /soc/pinctrl: missing or empty reg/ranges property

warning: SHELL_BACKEND_SERIAL_RX_POLL_PERIOD (defined at subsys/shell/backends/Kconfig.backends:71)
was assigned the value '1' but got the value ''. Check these unsatisfied dependencies:
SHELL_BACKEND_SERIAL (=n). See
http://docs.zephyrproject.org/latest/kconfig.html#CONFIG_SHELL_BACKEND_SERIAL_RX_POLL_PERIOD and/or
look up SHELL_BACKEND_SERIAL_RX_POLL_PERIOD in the menuconfig/guiconfig interface. The Application
Development Primer, Setting Configuration Values, and Kconfig - Tips and Best Practices sections of
the manual might be helpful too.

Parsing C:/Users/joedo/zephyrproject/zephyr/Kconfig
Loaded configuration 'C:/Users/joedo/zephyrproject/cansw_processor/boards/arm/processor/processor_defconfig'
Merged configuration 'C:/Users/joedo/zephyrproject/zephyr/samples/subsys/shell/devmem_load/prj.conf'
Merged configuration 'C:/Users/joedo/zephyrproject/zephyr/samples/subsys/shell/devmem_load/prj_poll.conf'
Merged configuration 'C:/Users/joedo/zephyrproject/cansw_processor/twister-out/processor/samples/subsys/shell/devmem_load/sample.devmem_load.polled/zephyr/misc/generated/extra_kconfig_options.conf'
Configuration saved to 'C:/Users/joedo/zephyrproject/cansw_processor/twister-out/processor/samples/subsys/shell/devmem_load/sample.devmem_load.polled/zephyr/.config'
Kconfig header saved to 'C:/Users/joedo/zephyrproject/cansw_processor/twister-out/processor/samples/subsys/shell/devmem_load/sample.devmem_load.polled/zephyr/include/generated/autoconf.h'
-- Found GnuLd: c:/users/joedo/zephyr-sdk-0.16.3/arm-zephyr-eabi/bin/../lib/gcc/arm-zephyr-eabi/12.2.0/../../../../arm-zephyr-eabi/bin/ld.bfd.exe (found version "2.38") 
-- The C compiler identification is GNU 12.2.0
-- The CXX compiler identification is GNU 12.2.0
-- The ASM compiler identification is GNU
-- Found assembler: C:/Users/joedo/zephyr-sdk-0.16.3/arm-zephyr-eabi/bin/arm-zephyr-eabi-gcc.exe
-- Configuring done (38.1s)
-- Generating done (2.5s)
CMake Warning:
  Manually-specified variables were not used by the project:

    TC_RUNID


-- Build files have been written to: C:/Users/joedo/zephyrproject/cansw_processor/twister-out/processor/samples/subsys/shell/devmem_load/sample.devmem_load.polled
